
-----
Test: tests/test_user_auth.py::TestUserAuth::test_auth_user (setup)
Time: 2021-10-29 15:37:35.099833
Request method: POST
Request URL: https://playgound.learnqa.ru/ajax/api_dev/user/login/
Request data: {'email': 'vinkotov@example.com', 'password': '1234'}
Request header: {}
Request cookies: {}


-----
Test: tests/test_user_auth.py::TestUserAuth::test_negative_auth_chek[no_cookie] (setup)
Time: 2021-10-29 15:37:35.424923
Request method: POST
Request URL: https://playgound.learnqa.ru/ajax/api_dev/user/login/
Request data: {'email': 'vinkotov@example.com', 'password': '1234'}
Request header: {}
Request cookies: {}


-----
Test: tests/test_user_auth.py::TestUserAuth::test_negative_auth_chek[no_token] (setup)
Time: 2021-10-29 15:37:35.544306
Request method: POST
Request URL: https://playgound.learnqa.ru/ajax/api_dev/user/login/
Request data: {'email': 'vinkotov@example.com', 'password': '1234'}
Request header: {}
Request cookies: {}

