
-----
Test: tests/test_user_auth.py::TestUserAuth::test_auth_user (setup)
Time: 2021-10-28 22:21:58.661103
Request method: POST
Request URL: https://playground.learnqa.ru/api/user/login/
Request data: {'email': 'vinkotov@example.com', 'password': '1234'}
Request header: {}
Request cookies: {}

Response code: 200
Response text: {"user_id":2}
Response headers: {'Date': 'Thu, 28 Oct 2021 19:21:58 GMT', 'Content-Type': 'application/json', 'Content-Length': '13', 'Connection': 'keep-alive', 'Keep-Alive': 'timeout=10', 'Server': 'Apache', 'Set-Cookie': 'auth_sid=d9074f24aa2d4ab19e62079290127b2a02e94918f1549272bcf2cafc2634fd9d', 'x-csrf-token': '326e59c5ad3b5693adca0ea15b27de9c5197438802e94918f1549272bcf2cafc2634fd9d', 'Cache-Control': 'max-age=0', 'Expires': 'Thu, 28 Oct 2021 19:21:58 GMT'}
Response cookies: {'auth_sid': 'd9074f24aa2d4ab19e62079290127b2a02e94918f1549272bcf2cafc2634fd9d'}

-----

-----
Test: tests/test_user_auth.py::TestUserAuth::test_auth_user (call)
Time: 2021-10-28 22:21:58.856796
Request method: GET
Request URL: https://playground.learnqa.ru/api/user/auth
Request data: None
Request header: {'x-csrf-token': '326e59c5ad3b5693adca0ea15b27de9c5197438802e94918f1549272bcf2cafc2634fd9d'}
Request cookies: {'auth_sid': 'd9074f24aa2d4ab19e62079290127b2a02e94918f1549272bcf2cafc2634fd9d'}

Response code: 200
Response text: {"user_id":2}
Response headers: {'Date': 'Thu, 28 Oct 2021 19:21:59 GMT', 'Content-Type': 'application/json', 'Content-Length': '13', 'Connection': 'keep-alive', 'Keep-Alive': 'timeout=10', 'Server': 'Apache', 'Cache-Control': 'max-age=0', 'Expires': 'Thu, 28 Oct 2021 19:21:58 GMT'}
Response cookies: {}

-----

-----
Test: tests/test_user_auth.py::TestUserAuth::test_negative_auth_chek[no_cookie] (setup)
Time: 2021-10-28 22:21:59.046503
Request method: POST
Request URL: https://playground.learnqa.ru/api/user/login/
Request data: {'email': 'vinkotov@example.com', 'password': '1234'}
Request header: {}
Request cookies: {}

Response code: 200
Response text: {"user_id":2}
Response headers: {'Date': 'Thu, 28 Oct 2021 19:21:59 GMT', 'Content-Type': 'application/json', 'Content-Length': '13', 'Connection': 'keep-alive', 'Keep-Alive': 'timeout=10', 'Server': 'Apache', 'Set-Cookie': 'auth_sid=aefa91c0d5fa9c34a2f0af76112bc49002e94918f1549272bcf2cafc2634fd9d', 'x-csrf-token': '6b6b277c7a4f0142e0c9c95a932b3e9918eddf2602e94918f1549272bcf2cafc2634fd9d', 'Cache-Control': 'max-age=0', 'Expires': 'Thu, 28 Oct 2021 19:21:59 GMT'}
Response cookies: {'auth_sid': 'aefa91c0d5fa9c34a2f0af76112bc49002e94918f1549272bcf2cafc2634fd9d'}

-----

-----
Test: tests/test_user_auth.py::TestUserAuth::test_negative_auth_chek[no_cookie] (call)
Time: 2021-10-28 22:21:59.118833
Request method: GET
Request URL: https://playground.learnqa.ru/api/user/auth
Request data: None
Request header: {}
Request cookies: {'auth_sid': 'aefa91c0d5fa9c34a2f0af76112bc49002e94918f1549272bcf2cafc2634fd9d'}

Response code: 200
Response text: {"user_id":0}
Response headers: {'Date': 'Thu, 28 Oct 2021 19:21:59 GMT', 'Content-Type': 'application/json', 'Content-Length': '13', 'Connection': 'keep-alive', 'Keep-Alive': 'timeout=10', 'Server': 'Apache', 'Cache-Control': 'max-age=0', 'Expires': 'Thu, 28 Oct 2021 19:21:59 GMT'}
Response cookies: {}

-----

-----
Test: tests/test_user_auth.py::TestUserAuth::test_negative_auth_chek[no_token] (setup)
Time: 2021-10-28 22:21:59.245797
Request method: POST
Request URL: https://playground.learnqa.ru/api/user/login/
Request data: {'email': 'vinkotov@example.com', 'password': '1234'}
Request header: {}
Request cookies: {}

Response code: 200
Response text: {"user_id":2}
Response headers: {'Date': 'Thu, 28 Oct 2021 19:21:59 GMT', 'Content-Type': 'application/json', 'Content-Length': '13', 'Connection': 'keep-alive', 'Keep-Alive': 'timeout=10', 'Server': 'Apache', 'Set-Cookie': 'auth_sid=ff8e7ff74f3d656fb95bd90cca19d68102e94918f1549272bcf2cafc2634fd9d', 'x-csrf-token': '6b6b277c7a4f0142e0c9c95a932b3e9918eddf2602e94918f1549272bcf2cafc2634fd9d', 'Cache-Control': 'max-age=0', 'Expires': 'Thu, 28 Oct 2021 19:21:59 GMT'}
Response cookies: {'auth_sid': 'ff8e7ff74f3d656fb95bd90cca19d68102e94918f1549272bcf2cafc2634fd9d'}

-----

-----
Test: tests/test_user_edit.py::TestUserEdit::test_edit_just_created_user (call)
Time: 2021-10-28 22:21:59.321393
Request method: POST
Request URL: https://playground.learnqa.ru/api/user/
Request data: {'password': '123', 'username': 'learnqa', 'firstName': 'learnqa', 'lastName': 'learnqa', 'email': 'learnqa10282021222159@example.com'}
Request header: {}
Request cookies: {}

Response code: 200
Response text: {"id":"15575"}
Response headers: {'Date': 'Thu, 28 Oct 2021 19:21:59 GMT', 'Content-Type': 'application/json', 'Content-Length': '14', 'Connection': 'keep-alive', 'Keep-Alive': 'timeout=10', 'Server': 'Apache', 'Cache-Control': 'max-age=0', 'Expires': 'Thu, 28 Oct 2021 19:21:59 GMT'}
Response cookies: {}

-----

-----
Test: tests/test_user_edit.py::TestUserEdit::test_edit_just_created_user (call)
Time: 2021-10-28 22:22:00.044494
Request method: POST
Request URL: https://playground.learnqa.ru/api/user/login
Request data: {'email': 'learnqa10282021222159@example.com', 'password': '123'}
Request header: {}
Request cookies: {}

Response code: 200
Response text: {"user_id":15575}
Response headers: {'Date': 'Thu, 28 Oct 2021 19:22:00 GMT', 'Content-Type': 'application/json', 'Content-Length': '17', 'Connection': 'keep-alive', 'Keep-Alive': 'timeout=10', 'Server': 'Apache', 'Set-Cookie': 'auth_sid=6d935e412bcd4e7972906b494901038f7de3a7800b98bf761041f02ed1d81e3a', 'x-csrf-token': 'd28b8ec7a59f5fbd21991273bef74083a66cc9877de3a7800b98bf761041f02ed1d81e3a', 'Cache-Control': 'max-age=0', 'Expires': 'Thu, 28 Oct 2021 19:22:00 GMT'}
Response cookies: {'auth_sid': '6d935e412bcd4e7972906b494901038f7de3a7800b98bf761041f02ed1d81e3a'}

-----

-----
Test: tests/test_user_edit.py::TestUserEdit::test_edit_just_created_user (call)
Time: 2021-10-28 22:22:00.141153
Request method: PUT
Request URL: https://playground.learnqa.ru/api/user/15575
Request data: {'firstName': 'Changed name'}
Request header: {'x-csrf-token': 'd28b8ec7a59f5fbd21991273bef74083a66cc9877de3a7800b98bf761041f02ed1d81e3a'}
Request cookies: {'auth_sid': '6d935e412bcd4e7972906b494901038f7de3a7800b98bf761041f02ed1d81e3a'}

Response code: 200
Response text: 
Response headers: {'Date': 'Thu, 28 Oct 2021 19:22:00 GMT', 'Content-Type': 'text/html; charset=utf-8', 'Content-Length': '0', 'Connection': 'keep-alive', 'Keep-Alive': 'timeout=10', 'Server': 'Apache', 'Cache-Control': 'max-age=0', 'Expires': 'Thu, 28 Oct 2021 19:22:00 GMT'}
Response cookies: {}

-----

-----
Test: tests/test_user_edit.py::TestUserEdit::test_edit_just_created_user (call)
Time: 2021-10-28 22:22:00.861236
Request method: GET
Request URL: https://playground.learnqa.ru/api/user/15575
Request data: None
Request header: {'x-csrf-token': 'd28b8ec7a59f5fbd21991273bef74083a66cc9877de3a7800b98bf761041f02ed1d81e3a'}
Request cookies: {'auth_sid': '6d935e412bcd4e7972906b494901038f7de3a7800b98bf761041f02ed1d81e3a'}

Response code: 200
Response text: {"id":"15575","username":"learnqa","email":"learnqa10282021222159@example.com","firstName":"Changed name","lastName":"learnqa"}
Response headers: {'Date': 'Thu, 28 Oct 2021 19:22:01 GMT', 'Content-Type': 'application/json', 'Transfer-Encoding': 'chunked', 'Connection': 'keep-alive', 'Keep-Alive': 'timeout=10', 'Vary': 'Accept-Encoding', 'Server': 'Apache', 'Cache-Control': 'max-age=0', 'Expires': 'Thu, 28 Oct 2021 19:22:00 GMT', 'Content-Encoding': 'gzip'}
Response cookies: {}

-----

-----
Test: tests/test_user_get.py::TestUserGet::test_get_user_details_not_auth (call)
Time: 2021-10-28 22:22:01.479832
Request method: GET
Request URL: https://playground.learnqa.ru/api/user/2
Request data: None
Request header: {}
Request cookies: {}

Response code: 200
Response text: {"username":"Vitaliy"}
Response headers: {'Date': 'Thu, 28 Oct 2021 19:22:02 GMT', 'Content-Type': 'application/json', 'Transfer-Encoding': 'chunked', 'Connection': 'keep-alive', 'Keep-Alive': 'timeout=10', 'Vary': 'Accept-Encoding', 'Server': 'Apache', 'Cache-Control': 'max-age=0', 'Expires': 'Thu, 28 Oct 2021 19:22:01 GMT', 'Content-Encoding': 'gzip'}
Response cookies: {}

-----

-----
Test: tests/test_user_get.py::TestUserGet::test_get_user_details_auth_as_same_user (call)
Time: 2021-10-28 22:22:02.251984
Request method: POST
Request URL: https://playground.learnqa.ru/api/user/login
Request data: {'email': 'vinkotov@example.com', 'password': '1234'}
Request header: {}
Request cookies: {}

Response code: 200
Response text: {"user_id":2}
Response headers: {'Date': 'Thu, 28 Oct 2021 19:22:02 GMT', 'Content-Type': 'application/json', 'Content-Length': '13', 'Connection': 'keep-alive', 'Keep-Alive': 'timeout=10', 'Server': 'Apache', 'Set-Cookie': 'auth_sid=4e35c349167a3562a0dabb2616121ef402e94918f1549272bcf2cafc2634fd9d', 'x-csrf-token': 'e5e3441b760d643da78f896590308fad5e1d5c7802e94918f1549272bcf2cafc2634fd9d', 'Cache-Control': 'max-age=0', 'Expires': 'Thu, 28 Oct 2021 19:22:02 GMT'}
Response cookies: {'auth_sid': '4e35c349167a3562a0dabb2616121ef402e94918f1549272bcf2cafc2634fd9d'}

-----

-----
Test: tests/test_user_get.py::TestUserGet::test_get_user_details_auth_as_same_user (call)
Time: 2021-10-28 22:22:02.330354
Request method: GET
Request URL: https://playground.learnqa.ru/api/user/2
Request data: None
Request header: {'x-csrf-token': 'e5e3441b760d643da78f896590308fad5e1d5c7802e94918f1549272bcf2cafc2634fd9d'}
Request cookies: {'auth_sid': '4e35c349167a3562a0dabb2616121ef402e94918f1549272bcf2cafc2634fd9d'}

Response code: 200
Response text: {"id":"2","username":"Vitaliy","email":"vinkotov@example.com","firstName":"Vitalii","lastName":"Kotov"}
Response headers: {'Date': 'Thu, 28 Oct 2021 19:22:02 GMT', 'Content-Type': 'application/json', 'Transfer-Encoding': 'chunked', 'Connection': 'keep-alive', 'Keep-Alive': 'timeout=10', 'Vary': 'Accept-Encoding', 'Server': 'Apache', 'Cache-Control': 'max-age=0', 'Expires': 'Thu, 28 Oct 2021 19:22:02 GMT', 'Content-Encoding': 'gzip'}
Response cookies: {}

-----

-----
Test: tests/test_user_register.py::TestUserRegister::test_create_user_successfully (call)
Time: 2021-10-28 22:22:03.017875
Request method: POST
Request URL: https://playground.learnqa.ru/api/user/
Request data: {'password': '123', 'username': 'learnqa', 'firstName': 'learnqa', 'lastName': 'learnqa', 'email': 'learnqa10282021222203@example.com'}
Request header: {}
Request cookies: {}

Response code: 200
Response text: {"id":"15576"}
Response headers: {'Date': 'Thu, 28 Oct 2021 19:22:03 GMT', 'Content-Type': 'application/json', 'Content-Length': '14', 'Connection': 'keep-alive', 'Keep-Alive': 'timeout=10', 'Server': 'Apache', 'Cache-Control': 'max-age=0', 'Expires': 'Thu, 28 Oct 2021 19:22:03 GMT'}
Response cookies: {}

-----

-----
Test: tests/test_user_register.py::TestUserRegister::test_case_user_with_existing_email (call)
Time: 2021-10-28 22:22:03.732662
Request method: POST
Request URL: https://playground.learnqa.ru/api/user/
Request data: {'password': '123', 'username': 'learnqa', 'firstName': 'learnqa', 'lastName': 'learnqa', 'email': 'vinkotov@example.com'}
Request header: {}
Request cookies: {}

Response code: 400
Response text: Users with email 'vinkotov@example.com' already exists
Response headers: {'Date': 'Thu, 28 Oct 2021 19:22:04 GMT', 'Content-Type': 'text/html; charset=utf-8', 'Content-Length': '54', 'Connection': 'keep-alive', 'Keep-Alive': 'timeout=10', 'Server': 'Apache'}
Response cookies: {}

-----

-----
Test: tests/test_user_register.py::TestUserRegister::test_create_user_without_add (call)
Time: 2021-10-28 22:22:04.347852
Request method: POST
Request URL: https://playground.learnqa.ru/api/user/
Request data: {'password': '123', 'username': 'learnqa', 'firstName': 'learnqa', 'lastName': 'learnqa', 'email': 'vinkotovexample.com'}
Request header: {}
Request cookies: {}

Response code: 400
Response text: Invalid email format
Response headers: {'Date': 'Thu, 28 Oct 2021 19:22:04 GMT', 'Content-Type': 'text/html; charset=utf-8', 'Content-Length': '20', 'Connection': 'keep-alive', 'Keep-Alive': 'timeout=10', 'Server': 'Apache'}
Response cookies: {}

-----

-----
Test: tests/test_user_register.py::TestUserRegister::test_create_user_with_short_username (call)
Time: 2021-10-28 22:22:04.962816
Request method: POST
Request URL: https://playground.learnqa.ru/api/user/
Request data: {'password': '123', 'username': 'a', 'firstName': 'learnqa', 'lastName': 'learnqa', 'email': {'password': '123', 'username': 'learnqa', 'firstName': 'learnqa', 'lastName': 'learnqa', 'email': 'learnqa10282021222204@example.com'}}
Request header: {}
Request cookies: {}

Response code: 400
Response text: The value of 'username' field is too short
Response headers: {'Date': 'Thu, 28 Oct 2021 19:22:05 GMT', 'Content-Type': 'text/html; charset=utf-8', 'Content-Length': '42', 'Connection': 'keep-alive', 'Keep-Alive': 'timeout=10', 'Server': 'Apache'}
Response cookies: {}

-----

-----
Test: tests/test_user_register.py::TestUserRegister::test_create_user_with_long_username (call)
Time: 2021-10-28 22:22:05.574814
Request method: POST
Request URL: https://playground.learnqa.ru/api/user/
Request data: {'password': '123', 'username': 'aaaaaaaaaaaaaaaaaaaaaaaaaaaaaaaaaaaaaaaaaaaaaaaaaaaaaaaaaaaaaaaaaaaaaaaaaaaaaaaaaaaaaaaaaaaaaaaaaaaaaaaaaaaaaaaaaaaaaaaaaaaaaaaaaaaaaaaaaaaaaaaaaaaaaaaaaaaaaaaaaaaaaaaaaaaaaaaaaaaaaaaaaaaaaaaaaaaaaaaaaaaaaaaaaaaaaaaaaaaaaaaaaaaaaaaaaaaaaaaaaaaaaaaaaaa', 'firstName': 'learnqa', 'lastName': 'learnqa', 'email': {'password': '123', 'username': 'learnqa', 'firstName': 'learnqa', 'lastName': 'learnqa', 'email': 'learnqa10282021222205@example.com'}}
Request header: {}
Request cookies: {}

Response code: 400
Response text: The value of 'username' field is too long
Response headers: {'Date': 'Thu, 28 Oct 2021 19:22:06 GMT', 'Content-Type': 'text/html; charset=utf-8', 'Content-Length': '41', 'Connection': 'keep-alive', 'Keep-Alive': 'timeout=10', 'Server': 'Apache'}
Response cookies: {}

-----

-----
Test: tests/test_user_register.py::TestUserRegister::test_create_user_without_param[data0] (call)
Time: 2021-10-28 22:22:06.293800
Request method: POST
Request URL: https://playground.learnqa.ru/api/user/
Request data: {'password': '', 'username': 'learnqa', 'firstName': 'learnqa', 'lastName': 'learnqa', 'email': '123456@example.com'}
Request header: {}
Request cookies: {}

Response code: 400
Response text: The value of 'password' field is too short
Response headers: {'Date': 'Thu, 28 Oct 2021 19:22:06 GMT', 'Content-Type': 'text/html; charset=utf-8', 'Content-Length': '42', 'Connection': 'keep-alive', 'Keep-Alive': 'timeout=10', 'Server': 'Apache'}
Response cookies: {}

-----

-----
Test: tests/test_user_register.py::TestUserRegister::test_create_user_without_param[data1] (call)
Time: 2021-10-28 22:22:06.949777
Request method: POST
Request URL: https://playground.learnqa.ru/api/user/
Request data: {'password': '123', 'username': '', 'firstName': 'learnqa', 'lastName': 'learnqa', 'email': '123456@example.com'}
Request header: {}
Request cookies: {}

Response code: 400
Response text: The value of 'username' field is too short
Response headers: {'Date': 'Thu, 28 Oct 2021 19:22:07 GMT', 'Content-Type': 'text/html; charset=utf-8', 'Content-Length': '42', 'Connection': 'keep-alive', 'Keep-Alive': 'timeout=10', 'Server': 'Apache'}
Response cookies: {}

-----

-----
Test: tests/test_user_register.py::TestUserRegister::test_create_user_without_param[data2] (call)
Time: 2021-10-28 22:22:07.622673
Request method: POST
Request URL: https://playground.learnqa.ru/api/user/
Request data: {'password': '123', 'username': 'learnqa', 'firstName': '', 'lastName': 'learnqa', 'email': '123456@example.com'}
Request header: {}
Request cookies: {}

Response code: 400
Response text: The value of 'firstName' field is too short
Response headers: {'Date': 'Thu, 28 Oct 2021 19:22:08 GMT', 'Content-Type': 'text/html; charset=utf-8', 'Content-Length': '43', 'Connection': 'keep-alive', 'Keep-Alive': 'timeout=10', 'Server': 'Apache'}
Response cookies: {}

-----

-----
Test: tests/test_user_register.py::TestUserRegister::test_create_user_without_param[data3] (call)
Time: 2021-10-28 22:22:08.197779
Request method: POST
Request URL: https://playground.learnqa.ru/api/user/
Request data: {'password': '123', 'username': 'learnqa', 'firstName': 'learnqa', 'lastName': '', 'email': '123456@example.com'}
Request header: {}
Request cookies: {}

Response code: 400
Response text: The value of 'lastName' field is too short
Response headers: {'Date': 'Thu, 28 Oct 2021 19:22:08 GMT', 'Content-Type': 'text/html; charset=utf-8', 'Content-Length': '42', 'Connection': 'keep-alive', 'Keep-Alive': 'timeout=10', 'Server': 'Apache'}
Response cookies: {}

-----

-----
Test: tests/test_user_register.py::TestUserRegister::test_create_user_without_param[data4] (call)
Time: 2021-10-28 22:22:08.851722
Request method: POST
Request URL: https://playground.learnqa.ru/api/user/
Request data: {'password': '123', 'username': 'learnqa', 'firstName': 'learnqa', 'lastName': 'learnqa', 'email': ''}
Request header: {}
Request cookies: {}

Response code: 400
Response text: The value of 'email' field is too short
Response headers: {'Date': 'Thu, 28 Oct 2021 19:22:09 GMT', 'Content-Type': 'text/html; charset=utf-8', 'Content-Length': '39', 'Connection': 'keep-alive', 'Keep-Alive': 'timeout=10', 'Server': 'Apache'}
Response cookies: {}

-----
